<?xml version="1.0" encoding="UTF-8"?>
<!-- Generated by org.testng.reporters.JUnitReportReporter -->
<testsuite hostname="MAA125CD0141R61" failures="0" tests="3" name="restapis.Datadrivenpost" time="4.294" errors="0" timestamp="2022-07-03T20:18:13 IST" skipped="0">
  <testcase classname="restapis.Datadrivenpost" name="postdata" time="2.919"/>
  <system-out/>
  <testcase classname="restapis.Datadrivenpost" name="postdata" time="0.718"/>
  <system-out/>
  <testcase classname="restapis.Datadrivenpost" name="postdata" time="0.657"/>
  <system-out/>
</testsuite> <!-- restapis.Datadrivenpost -->
