<?xml version="1.0" encoding="UTF-8"?>
<!-- Generated by org.testng.reporters.JUnitReportReporter -->
<testsuite hostname="MAA125CD0141R61" failures="0" tests="6" name="restapis.Simplerequest" time="4.328" errors="0" timestamp="2022-07-17T12:19:25 IST" skipped="0">
  <testcase classname="restapis.Simplerequest" name="post" time="0.633"/>
  <system-out/>
  <testcase classname="restapis.Simplerequest" name="patch" time="0.547"/>
  <system-out/>
  <testcase classname="restapis.Simplerequest" name="put" time="0.497"/>
  <system-out/>
  <testcase classname="restapis.Simplerequest" name="delete" time="2.250"/>
  <system-out/>
  <testcase classname="restapis.Simplerequest" name="getreq" time="0.260"/>
  <system-out/>
  <testcase classname="restapis.Simplerequest" name="getreq1" time="0.141"/>
  <system-out/>
</testsuite> <!-- restapis.Simplerequest -->
